2010-03-26 20:18 | SUCCESS |  1 | Artikel-Status | Updated articles: 0
2010-03-26 19:43 |  ERROR  |  3 | URL-Aufruf | Unsupported protocol "ftp". Supported protocols are http, https.
2010-03-26 19:42 | SUCCESS |  2 | Tabellen-Optimierung
2010-03-26 19:41 | SUCCESS |  1 | Artikel-Status | Updated articles: 0
2010-03-24 18:02 |  ERROR  |  3 | URL-Aufruf | Unsupported protocol "ftp". Supported protocols are http, https.
2010-03-24 18:02 | SUCCESS |  2 | Tabellen-Optimierung
2010-03-24 18:02 | SUCCESS |  1 | Artikel-Status | Updated articles: 0
2010-03-24 18:02 | SUCCESS |  1 | Artikel-Status | Updated articles: 0
2010-03-24 18:02 | SUCCESS |  2 | Tabellen-Optimierung
2010-03-24 18:02 | SUCCESS |  2 | Tabellen-Optimierung
2010-03-24 18:02 |  ERROR  |  3 | URL-Aufruf | Unsupported protocol "ftp". Supported protocols are http, https.
2010-03-24 18:01 |  ERROR  |  3 | URL-Aufruf | Unsupported protocol "ftp". Supported protocols are http, https.
2010-03-24 18:00 |  ERROR  |  3 | URL-Aufruf | Unsupported protocol "ftp". Supported protocols are http, https.
2010-03-24 18:00 | SUCCESS |  2 | Tabellen-Optimierung
2010-03-24 18:00 | SUCCESS |  1 | Artikel-Status | Updated articles: 0
2010-03-24 18:00 | SUCCESS |  2 | Tabellen-Optimierung
2010-03-24 17:59 |  ERROR  |  3 | URL-Aufruf | Unsupported protocol "ftp". Supported protocols are http, https.
2010-03-24 17:59 |  ERROR  |  3 | URL-Aufruf | Unsupported protocol "ftp". Supported protocols are http, https
2010-03-24 17:57 |  ERROR  |  3 | URL-Aufruf | Unsupported protocol
2010-03-24 17:57 | SUCCESS |  2 | Tabellen-Optimierung
2010-03-24 17:57 | SUCCESS |  1 | Artikel-Status | Updated articles: 0
2010-03-24 17:57 | SUCCESS |  1 | Artikel-Status | Updated articles: 0
2010-03-22 19:07 | SUCCESS | Artikel-Status | Updated articles: 0
2010-03-22 18:45 |  ERROR  | Artikel-Status | Unknown error
2010-03-22 18:44 |  ERROR  | URL-Aufruf | Unknown port
2010-03-22 18:44 | SUCCESS | Tabellen-Optimierung
2010-03-22 18:44 | SUCCESS | Artikel-Status | Updated articles: 0
2010-03-22 18:44 |  ERROR  | URL-Aufruf | Unknown port
2010-03-22 18:44 | SUCCESS | Tabellen-Optimierung
2010-03-22 18:43 | SUCCESS | Artikel-Status | Updated articles: 0
